2023-02-09 00:07:05.988  INFO 25484 --- [           main] p.c.i.c.CustomerServiceApiApplication    : Starting CustomerServiceApiApplication using Java 1.8.0_291 on DESKTOP-411OTHH with PID 25484 (C:\Users\User\Desktop\indigitalXP\customer-service-api\target\classes started by User in C:\Users\User\Desktop\indigitalXP\customer-service-api)
2023-02-09 00:07:05.993  INFO 25484 --- [           main] p.c.i.c.CustomerServiceApiApplication    : The following 1 profile is active: "development"
2023-02-09 00:07:06.451  INFO 25484 --- [           main] .s.d.r.c.RepositoryConfigurationDelegate : Bootstrapping Spring Data MongoDB repositories in DEFAULT mode.
2023-02-09 00:07:06.464  INFO 25484 --- [           main] .s.d.r.c.RepositoryConfigurationDelegate : Finished Spring Data repository scanning in 8 ms. Found 0 MongoDB repository interfaces.
2023-02-09 00:07:06.875  INFO 25484 --- [           main] o.s.b.w.embedded.tomcat.TomcatWebServer  : Tomcat initialized with port(s): 8080 (http)
2023-02-09 00:07:06.884  INFO 25484 --- [           main] o.apache.catalina.core.StandardService   : Starting service [Tomcat]
2023-02-09 00:07:06.884  INFO 25484 --- [           main] org.apache.catalina.core.StandardEngine  : Starting Servlet engine: [Apache Tomcat/9.0.58]
2023-02-09 00:07:06.947  INFO 25484 --- [           main] o.a.c.c.C.[Tomcat].[localhost].[/]       : Initializing Spring embedded WebApplicationContext
2023-02-09 00:07:06.947  INFO 25484 --- [           main] w.s.c.ServletWebServerApplicationContext : Root WebApplicationContext: initialization completed in 920 ms
2023-02-09 00:07:07.149  INFO 25484 --- [           main] org.mongodb.driver.cluster               : Cluster created with settings {hosts=[127.0.0.1:27017], srvHost=cluster0.f7a47.mongodb.net, mode=MULTIPLE, requiredClusterType=REPLICA_SET, serverSelectionTimeout='30000 ms', requiredReplicaSetName='atlas-zwdabz-shard-0'}
2023-02-09 00:07:07.221  INFO 25484 --- [a47.mongodb.net] org.mongodb.driver.cluster               : Adding discovered server cluster0-shard-00-02.f7a47.mongodb.net:27017 to client view of cluster
2023-02-09 00:07:07.246  INFO 25484 --- [a47.mongodb.net] org.mongodb.driver.cluster               : Adding discovered server cluster0-shard-00-01.f7a47.mongodb.net:27017 to client view of cluster
2023-02-09 00:07:07.247  INFO 25484 --- [a47.mongodb.net] org.mongodb.driver.cluster               : Adding discovered server cluster0-shard-00-00.f7a47.mongodb.net:27017 to client view of cluster
2023-02-09 00:07:07.686  INFO 25484 --- [           main] o.s.b.w.embedded.tomcat.TomcatWebServer  : Tomcat started on port(s): 8080 (http) with context path ''
2023-02-09 00:07:07.692  INFO 25484 --- [           main] p.c.i.c.CustomerServiceApiApplication    : Started CustomerServiceApiApplication in 2.08 seconds (JVM running for 2.393)
2023-02-09 00:07:08.287  INFO 25484 --- [ngodb.net:27017] org.mongodb.driver.connection            : Opened connection [connectionId{localValue:3, serverValue:1796097}] to cluster0-shard-00-02.f7a47.mongodb.net:27017
2023-02-09 00:07:08.287  INFO 25484 --- [ngodb.net:27017] org.mongodb.driver.connection            : Opened connection [connectionId{localValue:6, serverValue:1801903}] to cluster0-shard-00-00.f7a47.mongodb.net:27017
2023-02-09 00:07:08.287  INFO 25484 --- [ngodb.net:27017] org.mongodb.driver.connection            : Opened connection [connectionId{localValue:1, serverValue:1796097}] to cluster0-shard-00-02.f7a47.mongodb.net:27017
2023-02-09 00:07:08.287  INFO 25484 --- [ngodb.net:27017] org.mongodb.driver.connection            : Opened connection [connectionId{localValue:2, serverValue:1815546}] to cluster0-shard-00-01.f7a47.mongodb.net:27017
2023-02-09 00:07:08.287  INFO 25484 --- [ngodb.net:27017] org.mongodb.driver.connection            : Opened connection [connectionId{localValue:4, serverValue:1815549}] to cluster0-shard-00-01.f7a47.mongodb.net:27017
2023-02-09 00:07:08.288  INFO 25484 --- [ngodb.net:27017] org.mongodb.driver.cluster               : Monitor thread successfully connected to server with description ServerDescription{address=cluster0-shard-00-02.f7a47.mongodb.net:27017, type=REPLICA_SET_SECONDARY, state=CONNECTED, ok=true, minWireVersion=0, maxWireVersion=13, maxDocumentSize=16777216, logicalSessionTimeoutMinutes=30, roundTripTimeNanos=557646600, setName='atlas-zwdabz-shard-0', canonicalAddress=cluster0-shard-00-02.f7a47.mongodb.net:27017, hosts=[cluster0-shard-00-02.f7a47.mongodb.net:27017, cluster0-shard-00-00.f7a47.mongodb.net:27017, cluster0-shard-00-01.f7a47.mongodb.net:27017], passives=[], arbiters=[], primary='cluster0-shard-00-01.f7a47.mongodb.net:27017', tagSet=TagSet{[Tag{name='nodeType', value='ELECTABLE'}, Tag{name='provider', value='GCP'}, Tag{name='region', value='CENTRAL_US'}, Tag{name='workloadType', value='OPERATIONAL'}]}, electionId=null, setVersion=8, topologyVersion=TopologyVersion{processId=63d2fc7fa9fc8a0a42416fb5, counter=3}, lastWriteDate=Thu Feb 09 00:07:09 COT 2023, lastUpdateTimeNanos=49330003937900}
2023-02-09 00:07:08.288  INFO 25484 --- [ngodb.net:27017] org.mongodb.driver.cluster               : Monitor thread successfully connected to server with description ServerDescription{address=cluster0-shard-00-00.f7a47.mongodb.net:27017, type=REPLICA_SET_SECONDARY, state=CONNECTED, ok=true, minWireVersion=0, maxWireVersion=13, maxDocumentSize=16777216, logicalSessionTimeoutMinutes=30, roundTripTimeNanos=557646200, setName='atlas-zwdabz-shard-0', canonicalAddress=cluster0-shard-00-00.f7a47.mongodb.net:27017, hosts=[cluster0-shard-00-02.f7a47.mongodb.net:27017, cluster0-shard-00-00.f7a47.mongodb.net:27017, cluster0-shard-00-01.f7a47.mongodb.net:27017], passives=[], arbiters=[], primary='cluster0-shard-00-01.f7a47.mongodb.net:27017', tagSet=TagSet{[Tag{name='nodeType', value='ELECTABLE'}, Tag{name='provider', value='GCP'}, Tag{name='region', value='CENTRAL_US'}, Tag{name='workloadType', value='OPERATIONAL'}]}, electionId=null, setVersion=8, topologyVersion=TopologyVersion{processId=63d2fa2930f271de6ce3183d, counter=4}, lastWriteDate=Thu Feb 09 00:07:09 COT 2023, lastUpdateTimeNanos=49330003937900}
2023-02-09 00:07:08.288  INFO 25484 --- [ngodb.net:27017] org.mongodb.driver.cluster               : Monitor thread successfully connected to server with description ServerDescription{address=cluster0-shard-00-01.f7a47.mongodb.net:27017, type=REPLICA_SET_PRIMARY, state=CONNECTED, ok=true, minWireVersion=0, maxWireVersion=13, maxDocumentSize=16777216, logicalSessionTimeoutMinutes=30, roundTripTimeNanos=533078200, setName='atlas-zwdabz-shard-0', canonicalAddress=cluster0-shard-00-01.f7a47.mongodb.net:27017, hosts=[cluster0-shard-00-02.f7a47.mongodb.net:27017, cluster0-shard-00-00.f7a47.mongodb.net:27017, cluster0-shard-00-01.f7a47.mongodb.net:27017], passives=[], arbiters=[], primary='cluster0-shard-00-01.f7a47.mongodb.net:27017', tagSet=TagSet{[Tag{name='nodeType', value='ELECTABLE'}, Tag{name='provider', value='GCP'}, Tag{name='region', value='CENTRAL_US'}, Tag{name='workloadType', value='OPERATIONAL'}]}, electionId=7fffffff00000000000000a7, setVersion=8, topologyVersion=TopologyVersion{processId=63d2fb7574e6805f718480f0, counter=6}, lastWriteDate=Thu Feb 09 00:07:09 COT 2023, lastUpdateTimeNanos=49330004167100}
2023-02-09 00:07:08.290  INFO 25484 --- [ngodb.net:27017] org.mongodb.driver.connection            : Opened connection [connectionId{localValue:5, serverValue:1801903}] to cluster0-shard-00-00.f7a47.mongodb.net:27017
2023-02-09 00:07:08.290  INFO 25484 --- [ngodb.net:27017] org.mongodb.driver.cluster               : Setting max election id to 7fffffff00000000000000a7 from replica set primary cluster0-shard-00-01.f7a47.mongodb.net:27017
2023-02-09 00:07:08.291  INFO 25484 --- [ngodb.net:27017] org.mongodb.driver.cluster               : Setting max set version to 8 from replica set primary cluster0-shard-00-01.f7a47.mongodb.net:27017
2023-02-09 00:07:08.291  INFO 25484 --- [ngodb.net:27017] org.mongodb.driver.cluster               : Discovered replica set primary cluster0-shard-00-01.f7a47.mongodb.net:27017
2023-02-09 00:07:22.315  INFO 25484 --- [0.1-8080-exec-1] o.a.c.c.C.[Tomcat].[localhost].[/]       : Initializing Spring DispatcherServlet 'dispatcherServlet'
2023-02-09 00:07:22.316  INFO 25484 --- [0.1-8080-exec-1] o.s.web.servlet.DispatcherServlet        : Initializing Servlet 'dispatcherServlet'
2023-02-09 00:07:22.317  INFO 25484 --- [0.1-8080-exec-1] o.s.web.servlet.DispatcherServlet        : Completed initialization in 1 ms
2023-02-09 00:10:05.213  INFO 22728 --- [           main] p.c.i.c.CustomerServiceApiApplication    : Starting CustomerServiceApiApplication using Java 1.8.0_291 on DESKTOP-411OTHH with PID 22728 (C:\Users\User\Desktop\indigitalXP\customer-service-api\target\classes started by User in C:\Users\User\Desktop\indigitalXP\customer-service-api)
2023-02-09 00:10:05.216  INFO 22728 --- [           main] p.c.i.c.CustomerServiceApiApplication    : The following 1 profile is active: "development"
2023-02-09 00:10:05.767  INFO 22728 --- [           main] .s.d.r.c.RepositoryConfigurationDelegate : Bootstrapping Spring Data MongoDB repositories in DEFAULT mode.
2023-02-09 00:10:05.781  INFO 22728 --- [           main] .s.d.r.c.RepositoryConfigurationDelegate : Finished Spring Data repository scanning in 9 ms. Found 0 MongoDB repository interfaces.
2023-02-09 00:10:06.201  INFO 22728 --- [           main] o.s.b.w.embedded.tomcat.TomcatWebServer  : Tomcat initialized with port(s): 8080 (http)
2023-02-09 00:10:06.210  INFO 22728 --- [           main] o.apache.catalina.core.StandardService   : Starting service [Tomcat]
2023-02-09 00:10:06.210  INFO 22728 --- [           main] org.apache.catalina.core.StandardEngine  : Starting Servlet engine: [Apache Tomcat/9.0.58]
2023-02-09 00:10:06.274  INFO 22728 --- [           main] o.a.c.c.C.[Tomcat].[localhost].[/]       : Initializing Spring embedded WebApplicationContext
2023-02-09 00:10:06.274  INFO 22728 --- [           main] w.s.c.ServletWebServerApplicationContext : Root WebApplicationContext: initialization completed in 1020 ms
2023-02-09 00:10:06.477  INFO 22728 --- [           main] org.mongodb.driver.cluster               : Cluster created with settings {hosts=[127.0.0.1:27017], srvHost=cluster0.f7a47.mongodb.net, mode=MULTIPLE, requiredClusterType=REPLICA_SET, serverSelectionTimeout='30000 ms', requiredReplicaSetName='atlas-zwdabz-shard-0'}
2023-02-09 00:10:06.547  INFO 22728 --- [a47.mongodb.net] org.mongodb.driver.cluster               : Adding discovered server cluster0-shard-00-02.f7a47.mongodb.net:27017 to client view of cluster
2023-02-09 00:10:06.571  INFO 22728 --- [a47.mongodb.net] org.mongodb.driver.cluster               : Adding discovered server cluster0-shard-00-01.f7a47.mongodb.net:27017 to client view of cluster
2023-02-09 00:10:06.571  INFO 22728 --- [a47.mongodb.net] org.mongodb.driver.cluster               : Adding discovered server cluster0-shard-00-00.f7a47.mongodb.net:27017 to client view of cluster
2023-02-09 00:10:07.035  INFO 22728 --- [           main] o.s.b.w.embedded.tomcat.TomcatWebServer  : Tomcat started on port(s): 8080 (http) with context path ''
2023-02-09 00:10:07.041  INFO 22728 --- [           main] p.c.i.c.CustomerServiceApiApplication    : Started CustomerServiceApiApplication in 2.253 seconds (JVM running for 2.608)
2023-02-09 00:10:07.635  INFO 22728 --- [ngodb.net:27017] org.mongodb.driver.connection            : Opened connection [connectionId{localValue:5, serverValue:1796343}] to cluster0-shard-00-02.f7a47.mongodb.net:27017
2023-02-09 00:10:07.635  INFO 22728 --- [ngodb.net:27017] org.mongodb.driver.connection            : Opened connection [connectionId{localValue:6, serverValue:1815981}] to cluster0-shard-00-01.f7a47.mongodb.net:27017
2023-02-09 00:10:07.635  INFO 22728 --- [ngodb.net:27017] org.mongodb.driver.connection            : Opened connection [connectionId{localValue:3, serverValue:1802148}] to cluster0-shard-00-00.f7a47.mongodb.net:27017
2023-02-09 00:10:07.635  INFO 22728 --- [ngodb.net:27017] org.mongodb.driver.connection            : Opened connection [connectionId{localValue:2, serverValue:1802148}] to cluster0-shard-00-00.f7a47.mongodb.net:27017
2023-02-09 00:10:07.635  INFO 22728 --- [ngodb.net:27017] org.mongodb.driver.cluster               : Monitor thread successfully connected to server with description ServerDescription{address=cluster0-shard-00-01.f7a47.mongodb.net:27017, type=REPLICA_SET_PRIMARY, state=CONNECTED, ok=true, minWireVersion=0, maxWireVersion=13, maxDocumentSize=16777216, logicalSessionTimeoutMinutes=30, roundTripTimeNanos=566660900, setName='atlas-zwdabz-shard-0', canonicalAddress=cluster0-shard-00-01.f7a47.mongodb.net:27017, hosts=[cluster0-shard-00-02.f7a47.mongodb.net:27017, cluster0-shard-00-00.f7a47.mongodb.net:27017, cluster0-shard-00-01.f7a47.mongodb.net:27017], passives=[], arbiters=[], primary='cluster0-shard-00-01.f7a47.mongodb.net:27017', tagSet=TagSet{[Tag{name='nodeType', value='ELECTABLE'}, Tag{name='provider', value='GCP'}, Tag{name='region', value='CENTRAL_US'}, Tag{name='workloadType', value='OPERATIONAL'}]}, electionId=7fffffff00000000000000a7, setVersion=8, topologyVersion=TopologyVersion{processId=63d2fb7574e6805f718480f0, counter=6}, lastWriteDate=Thu Feb 09 00:10:08 COT 2023, lastUpdateTimeNanos=49509351051700}
2023-02-09 00:10:07.635  INFO 22728 --- [ngodb.net:27017] org.mongodb.driver.cluster               : Monitor thread successfully connected to server with description ServerDescription{address=cluster0-shard-00-00.f7a47.mongodb.net:27017, type=REPLICA_SET_SECONDARY, state=CONNECTED, ok=true, minWireVersion=0, maxWireVersion=13, maxDocumentSize=16777216, logicalSessionTimeoutMinutes=30, roundTripTimeNanos=563699300, setName='atlas-zwdabz-shard-0', canonicalAddress=cluster0-shard-00-00.f7a47.mongodb.net:27017, hosts=[cluster0-shard-00-02.f7a47.mongodb.net:27017, cluster0-shard-00-00.f7a47.mongodb.net:27017, cluster0-shard-00-01.f7a47.mongodb.net:27017], passives=[], arbiters=[], primary='cluster0-shard-00-01.f7a47.mongodb.net:27017', tagSet=TagSet{[Tag{name='nodeType', value='ELECTABLE'}, Tag{name='provider', value='GCP'}, Tag{name='region', value='CENTRAL_US'}, Tag{name='workloadType', value='OPERATIONAL'}]}, electionId=null, setVersion=8, topologyVersion=TopologyVersion{processId=63d2fa2930f271de6ce3183d, counter=4}, lastWriteDate=Thu Feb 09 00:10:08 COT 2023, lastUpdateTimeNanos=49509352334900}
2023-02-09 00:10:07.635  INFO 22728 --- [ngodb.net:27017] org.mongodb.driver.cluster               : Monitor thread successfully connected to server with description ServerDescription{address=cluster0-shard-00-02.f7a47.mongodb.net:27017, type=REPLICA_SET_SECONDARY, state=CONNECTED, ok=true, minWireVersion=0, maxWireVersion=13, maxDocumentSize=16777216, logicalSessionTimeoutMinutes=30, roundTripTimeNanos=569046400, setName='atlas-zwdabz-shard-0', canonicalAddress=cluster0-shard-00-02.f7a47.mongodb.net:27017, hosts=[cluster0-shard-00-02.f7a47.mongodb.net:27017, cluster0-shard-00-00.f7a47.mongodb.net:27017, cluster0-shard-00-01.f7a47.mongodb.net:27017], passives=[], arbiters=[], primary='cluster0-shard-00-01.f7a47.mongodb.net:27017', tagSet=TagSet{[Tag{name='nodeType', value='ELECTABLE'}, Tag{name='provider', value='GCP'}, Tag{name='region', value='CENTRAL_US'}, Tag{name='workloadType', value='OPERATIONAL'}]}, electionId=null, setVersion=8, topologyVersion=TopologyVersion{processId=63d2fc7fa9fc8a0a42416fb5, counter=3}, lastWriteDate=Thu Feb 09 00:10:08 COT 2023, lastUpdateTimeNanos=49509351051700}
2023-02-09 00:10:07.637  INFO 22728 --- [ngodb.net:27017] org.mongodb.driver.cluster               : Setting max election id to 7fffffff00000000000000a7 from replica set primary cluster0-shard-00-01.f7a47.mongodb.net:27017
2023-02-09 00:10:07.637  INFO 22728 --- [ngodb.net:27017] org.mongodb.driver.cluster               : Setting max set version to 8 from replica set primary cluster0-shard-00-01.f7a47.mongodb.net:27017
2023-02-09 00:10:07.637  INFO 22728 --- [ngodb.net:27017] org.mongodb.driver.cluster               : Discovered replica set primary cluster0-shard-00-01.f7a47.mongodb.net:27017
2023-02-09 00:10:07.640  INFO 22728 --- [ngodb.net:27017] org.mongodb.driver.connection            : Opened connection [connectionId{localValue:4, serverValue:1816047}] to cluster0-shard-00-01.f7a47.mongodb.net:27017
2023-02-09 00:10:07.643  INFO 22728 --- [ngodb.net:27017] org.mongodb.driver.connection            : Opened connection [connectionId{localValue:1, serverValue:1796346}] to cluster0-shard-00-02.f7a47.mongodb.net:27017
2023-02-09 00:10:09.211  INFO 22728 --- [0.1-8080-exec-1] o.a.c.c.C.[Tomcat].[localhost].[/]       : Initializing Spring DispatcherServlet 'dispatcherServlet'
2023-02-09 00:10:09.212  INFO 22728 --- [0.1-8080-exec-1] o.s.web.servlet.DispatcherServlet        : Initializing Servlet 'dispatcherServlet'
2023-02-09 00:10:09.213  INFO 22728 --- [0.1-8080-exec-1] o.s.web.servlet.DispatcherServlet        : Completed initialization in 1 ms
2023-02-09 00:14:32.943  INFO 22728 --- [0.1-8080-exec-6] p.c.i.c.controller.CustomerController    : Inicio metodo saveProduct()
2023-02-09 00:14:32.943  INFO 22728 --- [0.1-8080-exec-6] p.c.i.c.service.CustomerService          : Inicio metodo saveCustomer()
2023-02-09 00:14:34.116  INFO 22728 --- [0.1-8080-exec-6] org.mongodb.driver.connection            : Opened connection [connectionId{localValue:7, serverValue:1816156}] to cluster0-shard-00-01.f7a47.mongodb.net:27017
2023-02-09 00:14:34.499  INFO 22728 --- [0.1-8080-exec-6] p.c.i.c.service.CustomerService          : Fin metodo saveCustomer()
2023-02-09 00:14:34.500  INFO 22728 --- [0.1-8080-exec-6] p.c.i.c.controller.CustomerController    : Fin metodo saveProduct()
2023-02-09 00:15:16.743  INFO 22728 --- [0.1-8080-exec-3] p.c.i.c.controller.CustomerController    : Inicio metodo saveProduct()
2023-02-09 00:15:16.743  INFO 22728 --- [0.1-8080-exec-3] p.c.i.c.service.CustomerService          : Inicio metodo saveCustomer()
2023-02-09 00:15:16.890  INFO 22728 --- [0.1-8080-exec-3] p.c.i.c.service.CustomerService          : Cliente registrado en bd
2023-02-09 00:15:16.891  INFO 22728 --- [0.1-8080-exec-3] p.c.i.c.controller.CustomerController    : Fin metodo saveProduct()
2023-02-09 00:15:59.485  INFO 22728 --- [0.1-8080-exec-9] p.c.i.c.controller.CustomerController    : Inicio metodo saveProduct()
2023-02-09 00:15:59.485  INFO 22728 --- [0.1-8080-exec-9] p.c.i.c.service.CustomerService          : Inicio metodo saveCustomer()
2023-02-09 00:16:22.243  INFO 22728 --- [0.1-8080-exec-9] org.mongodb.driver.connection            : Opened connection [connectionId{localValue:8, serverValue:1816285}] to cluster0-shard-00-01.f7a47.mongodb.net:27017
2023-02-09 00:16:22.554  INFO 22728 --- [0.1-8080-exec-9] p.c.i.c.service.CustomerService          : Fin metodo saveCustomer()
2023-02-09 00:16:22.555  INFO 22728 --- [0.1-8080-exec-9] p.c.i.c.controller.CustomerController    : Fin metodo saveProduct()
2023-02-09 00:16:28.538  INFO 22728 --- [0.1-8080-exec-8] p.c.i.c.controller.CustomerController    : Inicio metodo saveProduct()
2023-02-09 00:16:28.538  INFO 22728 --- [0.1-8080-exec-8] p.c.i.c.service.CustomerService          : Inicio metodo saveCustomer()
2023-02-09 00:16:28.844  INFO 22728 --- [0.1-8080-exec-8] p.c.i.c.service.CustomerService          : Fin metodo saveCustomer()
2023-02-09 00:16:28.844  INFO 22728 --- [0.1-8080-exec-8] p.c.i.c.controller.CustomerController    : Fin metodo saveProduct()
2023-02-09 00:16:51.545  INFO 12928 --- [           main] p.c.i.c.CustomerServiceApiApplication    : Starting CustomerServiceApiApplication using Java 1.8.0_291 on DESKTOP-411OTHH with PID 12928 (C:\Users\User\Desktop\indigitalXP\customer-service-api\target\classes started by User in C:\Users\User\Desktop\indigitalXP\customer-service-api)
2023-02-09 00:16:51.548  INFO 12928 --- [           main] p.c.i.c.CustomerServiceApiApplication    : The following 1 profile is active: "development"
2023-02-09 00:16:52.120  INFO 12928 --- [           main] .s.d.r.c.RepositoryConfigurationDelegate : Bootstrapping Spring Data MongoDB repositories in DEFAULT mode.
2023-02-09 00:16:52.135  INFO 12928 --- [           main] .s.d.r.c.RepositoryConfigurationDelegate : Finished Spring Data repository scanning in 10 ms. Found 0 MongoDB repository interfaces.
2023-02-09 00:16:52.566  INFO 12928 --- [           main] o.s.b.w.embedded.tomcat.TomcatWebServer  : Tomcat initialized with port(s): 8080 (http)
2023-02-09 00:16:52.576  INFO 12928 --- [           main] o.apache.catalina.core.StandardService   : Starting service [Tomcat]
2023-02-09 00:16:52.576  INFO 12928 --- [           main] org.apache.catalina.core.StandardEngine  : Starting Servlet engine: [Apache Tomcat/9.0.58]
2023-02-09 00:16:52.640  INFO 12928 --- [           main] o.a.c.c.C.[Tomcat].[localhost].[/]       : Initializing Spring embedded WebApplicationContext
2023-02-09 00:16:52.640  INFO 12928 --- [           main] w.s.c.ServletWebServerApplicationContext : Root WebApplicationContext: initialization completed in 1051 ms
2023-02-09 00:16:52.851  INFO 12928 --- [           main] org.mongodb.driver.cluster               : Cluster created with settings {hosts=[127.0.0.1:27017], srvHost=cluster0.f7a47.mongodb.net, mode=MULTIPLE, requiredClusterType=REPLICA_SET, serverSelectionTimeout='30000 ms', requiredReplicaSetName='atlas-zwdabz-shard-0'}
2023-02-09 00:16:52.921  INFO 12928 --- [a47.mongodb.net] org.mongodb.driver.cluster               : Adding discovered server cluster0-shard-00-02.f7a47.mongodb.net:27017 to client view of cluster
2023-02-09 00:16:52.947  INFO 12928 --- [a47.mongodb.net] org.mongodb.driver.cluster               : Adding discovered server cluster0-shard-00-01.f7a47.mongodb.net:27017 to client view of cluster
2023-02-09 00:16:52.947  INFO 12928 --- [a47.mongodb.net] org.mongodb.driver.cluster               : Adding discovered server cluster0-shard-00-00.f7a47.mongodb.net:27017 to client view of cluster
2023-02-09 00:16:53.465  INFO 12928 --- [           main] o.s.b.w.embedded.tomcat.TomcatWebServer  : Tomcat started on port(s): 8080 (http) with context path ''
2023-02-09 00:16:53.471  INFO 12928 --- [           main] p.c.i.c.CustomerServiceApiApplication    : Started CustomerServiceApiApplication in 2.378 seconds (JVM running for 2.753)
2023-02-09 00:16:53.886  INFO 12928 --- [ngodb.net:27017] org.mongodb.driver.connection            : Opened connection [connectionId{localValue:4, serverValue:1816386}] to cluster0-shard-00-01.f7a47.mongodb.net:27017
2023-02-09 00:16:53.886  INFO 12928 --- [ngodb.net:27017] org.mongodb.driver.connection            : Opened connection [connectionId{localValue:6, serverValue:1816386}] to cluster0-shard-00-01.f7a47.mongodb.net:27017
2023-02-09 00:16:53.886  INFO 12928 --- [ngodb.net:27017] org.mongodb.driver.connection            : Opened connection [connectionId{localValue:2, serverValue:1796910}] to cluster0-shard-00-02.f7a47.mongodb.net:27017
2023-02-09 00:16:53.887  INFO 12928 --- [ngodb.net:27017] org.mongodb.driver.cluster               : Monitor thread successfully connected to server with description ServerDescription{address=cluster0-shard-00-01.f7a47.mongodb.net:27017, type=REPLICA_SET_PRIMARY, state=CONNECTED, ok=true, minWireVersion=0, maxWireVersion=13, maxDocumentSize=16777216, logicalSessionTimeoutMinutes=30, roundTripTimeNanos=579513600, setName='atlas-zwdabz-shard-0', canonicalAddress=cluster0-shard-00-01.f7a47.mongodb.net:27017, hosts=[cluster0-shard-00-02.f7a47.mongodb.net:27017, cluster0-shard-00-00.f7a47.mongodb.net:27017, cluster0-shard-00-01.f7a47.mongodb.net:27017], passives=[], arbiters=[], primary='cluster0-shard-00-01.f7a47.mongodb.net:27017', tagSet=TagSet{[Tag{name='nodeType', value='ELECTABLE'}, Tag{name='provider', value='GCP'}, Tag{name='region', value='CENTRAL_US'}, Tag{name='workloadType', value='OPERATIONAL'}]}, electionId=7fffffff00000000000000a7, setVersion=8, topologyVersion=TopologyVersion{processId=63d2fb7574e6805f718480f0, counter=6}, lastWriteDate=Thu Feb 09 00:16:54 COT 2023, lastUpdateTimeNanos=49915602528100}
2023-02-09 00:16:53.889  INFO 12928 --- [ngodb.net:27017] org.mongodb.driver.cluster               : Setting max election id to 7fffffff00000000000000a7 from replica set primary cluster0-shard-00-01.f7a47.mongodb.net:27017
2023-02-09 00:16:53.890  INFO 12928 --- [ngodb.net:27017] org.mongodb.driver.cluster               : Setting max set version to 8 from replica set primary cluster0-shard-00-01.f7a47.mongodb.net:27017
2023-02-09 00:16:53.890  INFO 12928 --- [ngodb.net:27017] org.mongodb.driver.cluster               : Discovered replica set primary cluster0-shard-00-01.f7a47.mongodb.net:27017
2023-02-09 00:16:53.899  INFO 12928 --- [ngodb.net:27017] org.mongodb.driver.connection            : Opened connection [connectionId{localValue:5, serverValue:1802715}] to cluster0-shard-00-00.f7a47.mongodb.net:27017
2023-02-09 00:16:53.899  INFO 12928 --- [ngodb.net:27017] org.mongodb.driver.connection            : Opened connection [connectionId{localValue:3, serverValue:1802715}] to cluster0-shard-00-00.f7a47.mongodb.net:27017
2023-02-09 00:16:53.899  INFO 12928 --- [ngodb.net:27017] org.mongodb.driver.cluster               : Monitor thread successfully connected to server with description ServerDescription{address=cluster0-shard-00-00.f7a47.mongodb.net:27017, type=REPLICA_SET_SECONDARY, state=CONNECTED, ok=true, minWireVersion=0, maxWireVersion=13, maxDocumentSize=16777216, logicalSessionTimeoutMinutes=30, roundTripTimeNanos=482208000, setName='atlas-zwdabz-shard-0', canonicalAddress=cluster0-shard-00-00.f7a47.mongodb.net:27017, hosts=[cluster0-shard-00-02.f7a47.mongodb.net:27017, cluster0-shard-00-00.f7a47.mongodb.net:27017, cluster0-shard-00-01.f7a47.mongodb.net:27017], passives=[], arbiters=[], primary='cluster0-shard-00-01.f7a47.mongodb.net:27017', tagSet=TagSet{[Tag{name='nodeType', value='ELECTABLE'}, Tag{name='provider', value='GCP'}, Tag{name='region', value='CENTRAL_US'}, Tag{name='workloadType', value='OPERATIONAL'}]}, electionId=null, setVersion=8, topologyVersion=TopologyVersion{processId=63d2fa2930f271de6ce3183d, counter=4}, lastWriteDate=Thu Feb 09 00:16:54 COT 2023, lastUpdateTimeNanos=49915616234300}
2023-02-09 00:16:53.900  INFO 12928 --- [ngodb.net:27017] org.mongodb.driver.connection            : Opened connection [connectionId{localValue:1, serverValue:1796910}] to cluster0-shard-00-02.f7a47.mongodb.net:27017
2023-02-09 00:16:53.901  INFO 12928 --- [ngodb.net:27017] org.mongodb.driver.cluster               : Monitor thread successfully connected to server with description ServerDescription{address=cluster0-shard-00-02.f7a47.mongodb.net:27017, type=REPLICA_SET_SECONDARY, state=CONNECTED, ok=true, minWireVersion=0, maxWireVersion=13, maxDocumentSize=16777216, logicalSessionTimeoutMinutes=30, roundTripTimeNanos=473964600, setName='atlas-zwdabz-shard-0', canonicalAddress=cluster0-shard-00-02.f7a47.mongodb.net:27017, hosts=[cluster0-shard-00-02.f7a47.mongodb.net:27017, cluster0-shard-00-00.f7a47.mongodb.net:27017, cluster0-shard-00-01.f7a47.mongodb.net:27017], passives=[], arbiters=[], primary='cluster0-shard-00-01.f7a47.mongodb.net:27017', tagSet=TagSet{[Tag{name='nodeType', value='ELECTABLE'}, Tag{name='provider', value='GCP'}, Tag{name='region', value='CENTRAL_US'}, Tag{name='workloadType', value='OPERATIONAL'}]}, electionId=null, setVersion=8, topologyVersion=TopologyVersion{processId=63d2fc7fa9fc8a0a42416fb5, counter=3}, lastWriteDate=Thu Feb 09 00:16:54 COT 2023, lastUpdateTimeNanos=49915617796500}
2023-02-09 00:18:15.801  INFO 12928 --- [0.1-8080-exec-1] o.a.c.c.C.[Tomcat].[localhost].[/]       : Initializing Spring DispatcherServlet 'dispatcherServlet'
2023-02-09 00:18:15.802  INFO 12928 --- [0.1-8080-exec-1] o.s.web.servlet.DispatcherServlet        : Initializing Servlet 'dispatcherServlet'
2023-02-09 00:18:15.803  INFO 12928 --- [0.1-8080-exec-1] o.s.web.servlet.DispatcherServlet        : Completed initialization in 1 ms
2023-02-09 00:18:22.072  INFO 12928 --- [0.1-8080-exec-3] p.c.i.c.controller.CustomerController    : Inicio metodo saveProduct()
2023-02-09 00:18:22.072  INFO 12928 --- [0.1-8080-exec-3] p.c.i.c.service.CustomerService          : Inicio metodo saveCustomer()
2023-02-09 00:18:23.173  INFO 12928 --- [0.1-8080-exec-3] org.mongodb.driver.connection            : Opened connection [connectionId{localValue:7, serverValue:1816673}] to cluster0-shard-00-01.f7a47.mongodb.net:27017
2023-02-09 00:18:23.517  INFO 12928 --- [0.1-8080-exec-3] p.c.i.c.service.CustomerService          : Fin metodo saveCustomer()
2023-02-09 00:18:23.518  INFO 12928 --- [0.1-8080-exec-3] p.c.i.c.controller.CustomerController    : Fin metodo saveProduct()
2023-02-09 00:18:32.615  INFO 12928 --- [0.1-8080-exec-2] p.c.i.c.controller.CustomerController    : Inicio metodo saveProduct()
2023-02-09 00:18:32.615  INFO 12928 --- [0.1-8080-exec-2] p.c.i.c.service.CustomerService          : Inicio metodo saveCustomer()
2023-02-09 00:18:32.768  INFO 12928 --- [0.1-8080-exec-2] p.c.i.c.service.CustomerService          : Cliente registrado en bd
2023-02-09 00:18:32.768  INFO 12928 --- [0.1-8080-exec-2] p.c.i.c.controller.CustomerController    : Fin metodo saveProduct()
2023-02-09 00:18:36.999  INFO 12928 --- [0.1-8080-exec-4] p.c.i.c.controller.CustomerController    : Inicio metodo saveProduct()
2023-02-09 00:18:37.000  INFO 12928 --- [0.1-8080-exec-4] p.c.i.c.service.CustomerService          : Inicio metodo saveCustomer()
2023-02-09 00:18:37.294  INFO 12928 --- [0.1-8080-exec-4] p.c.i.c.service.CustomerService          : Fin metodo saveCustomer()
2023-02-09 00:18:37.294  INFO 12928 --- [0.1-8080-exec-4] p.c.i.c.controller.CustomerController    : Fin metodo saveProduct()
2023-02-09 00:19:10.807  INFO 12928 --- [0.1-8080-exec-5] p.c.i.c.controller.CustomerController    : Inicio metodo saveProduct()
2023-02-09 00:19:10.808  INFO 12928 --- [0.1-8080-exec-5] p.c.i.c.service.CustomerService          : Inicio metodo saveCustomer()
2023-02-09 00:19:10.951  INFO 12928 --- [0.1-8080-exec-5] p.c.i.c.service.CustomerService          : Cliente registrado en bd
2023-02-09 00:19:10.951  INFO 12928 --- [0.1-8080-exec-5] p.c.i.c.controller.CustomerController    : Fin metodo saveProduct()
2023-02-09 00:19:21.349  INFO 12928 --- [0.1-8080-exec-6] p.c.i.c.controller.CustomerController    : Inicio metodo saveProduct()
2023-02-09 00:19:21.349  INFO 12928 --- [0.1-8080-exec-6] p.c.i.c.service.CustomerService          : Inicio metodo saveCustomer()
2023-02-09 00:19:21.491  INFO 12928 --- [0.1-8080-exec-6] p.c.i.c.service.CustomerService          : Cliente registrado en bd
2023-02-09 00:19:21.491  INFO 12928 --- [0.1-8080-exec-6] p.c.i.c.controller.CustomerController    : Fin metodo saveProduct()
2023-02-09 00:19:34.136  INFO 12928 --- [ngodb.net:27017] org.mongodb.driver.cluster               : Exception in monitor thread while connecting to server cluster0-shard-00-01.f7a47.mongodb.net:27017

com.mongodb.MongoSocketReadTimeoutException: Timeout while receiving message
	at com.mongodb.internal.connection.InternalStreamConnection.translateReadException(InternalStreamConnection.java:701)
	at com.mongodb.internal.connection.InternalStreamConnection.receiveMessageWithAdditionalTimeout(InternalStreamConnection.java:579)
	at com.mongodb.internal.connection.InternalStreamConnection.receiveCommandMessageResponse(InternalStreamConnection.java:415)
	at com.mongodb.internal.connection.InternalStreamConnection.receive(InternalStreamConnection.java:374)
	at com.mongodb.internal.connection.DefaultServerMonitor$ServerMonitorRunnable.lookupServerDescription(DefaultServerMonitor.java:216)
	at com.mongodb.internal.connection.DefaultServerMonitor$ServerMonitorRunnable.run(DefaultServerMonitor.java:152)
	at java.lang.Thread.run(Thread.java:748)
Caused by: java.net.SocketTimeoutException: Read timed out
	at java.net.SocketInputStream.socketRead0(Native Method)
	at java.net.SocketInputStream.socketRead(SocketInputStream.java:116)
	at java.net.SocketInputStream.read(SocketInputStream.java:171)
	at java.net.SocketInputStream.read(SocketInputStream.java:141)
	at sun.security.ssl.SSLSocketInputRecord.read(SSLSocketInputRecord.java:475)
	at sun.security.ssl.SSLSocketInputRecord.readHeader(SSLSocketInputRecord.java:469)
	at sun.security.ssl.SSLSocketInputRecord.bytesInCompletePacket(SSLSocketInputRecord.java:69)
	at sun.security.ssl.SSLSocketImpl.readApplicationRecord(SSLSocketImpl.java:1239)
	at sun.security.ssl.SSLSocketImpl.access$300(SSLSocketImpl.java:75)
	at sun.security.ssl.SSLSocketImpl$AppInputStream.read(SSLSocketImpl.java:926)
	at com.mongodb.internal.connection.SocketStream.read(SocketStream.java:109)
	at com.mongodb.internal.connection.SocketStream.read(SocketStream.java:131)
	at com.mongodb.internal.connection.InternalStreamConnection.receiveResponseBuffers(InternalStreamConnection.java:718)
	at com.mongodb.internal.connection.InternalStreamConnection.receiveMessageWithAdditionalTimeout(InternalStreamConnection.java:576)
	... 5 common frames omitted

2023-02-09 00:19:34.846  INFO 12928 --- [ngodb.net:27017] org.mongodb.driver.connection            : Opened connection [connectionId{localValue:8, serverValue:1816482}] to cluster0-shard-00-01.f7a47.mongodb.net:27017
2023-02-09 00:19:34.847  INFO 12928 --- [ngodb.net:27017] org.mongodb.driver.cluster               : Monitor thread successfully connected to server with description ServerDescription{address=cluster0-shard-00-01.f7a47.mongodb.net:27017, type=REPLICA_SET_PRIMARY, state=CONNECTED, ok=true, minWireVersion=0, maxWireVersion=13, maxDocumentSize=16777216, logicalSessionTimeoutMinutes=30, roundTripTimeNanos=443240100, setName='atlas-zwdabz-shard-0', canonicalAddress=cluster0-shard-00-01.f7a47.mongodb.net:27017, hosts=[cluster0-shard-00-02.f7a47.mongodb.net:27017, cluster0-shard-00-00.f7a47.mongodb.net:27017, cluster0-shard-00-01.f7a47.mongodb.net:27017], passives=[], arbiters=[], primary='cluster0-shard-00-01.f7a47.mongodb.net:27017', tagSet=TagSet{[Tag{name='nodeType', value='ELECTABLE'}, Tag{name='provider', value='GCP'}, Tag{name='region', value='CENTRAL_US'}, Tag{name='workloadType', value='OPERATIONAL'}]}, electionId=7fffffff00000000000000a7, setVersion=8, topologyVersion=TopologyVersion{processId=63d2fb7574e6805f718480f0, counter=6}, lastWriteDate=Thu Feb 09 00:19:35 COT 2023, lastUpdateTimeNanos=50076563712700}
2023-02-09 00:19:34.848  INFO 12928 --- [ngodb.net:27017] org.mongodb.driver.cluster               : Discovered replica set primary cluster0-shard-00-01.f7a47.mongodb.net:27017
2023-02-09 00:20:13.859  INFO 12928 --- [0.1-8080-exec-9] p.c.i.c.controller.CustomerController    : Inicio metodo saveProduct()
2023-02-09 00:20:13.860  INFO 12928 --- [0.1-8080-exec-9] p.c.i.c.service.CustomerService          : Inicio metodo saveCustomer()
2023-02-09 00:20:14.739  INFO 12928 --- [0.1-8080-exec-9] org.mongodb.driver.connection            : Opened connection [connectionId{localValue:9, serverValue:1816752}] to cluster0-shard-00-01.f7a47.mongodb.net:27017
2023-02-09 00:20:14.881  INFO 12928 --- [0.1-8080-exec-9] p.c.i.c.service.CustomerService          : Cliente registrado en bd
2023-02-09 00:20:14.881  INFO 12928 --- [0.1-8080-exec-9] p.c.i.c.controller.CustomerController    : Fin metodo saveProduct()
2023-02-09 00:20:21.557  INFO 12928 --- [.1-8080-exec-10] p.c.i.c.controller.CustomerController    : Inicio metodo saveProduct()
2023-02-09 00:20:21.558  INFO 12928 --- [.1-8080-exec-10] p.c.i.c.service.CustomerService          : Inicio metodo saveCustomer()
2023-02-09 00:20:21.848  INFO 12928 --- [.1-8080-exec-10] p.c.i.c.service.CustomerService          : Fin metodo saveCustomer()
2023-02-09 00:20:21.848  INFO 12928 --- [.1-8080-exec-10] p.c.i.c.controller.CustomerController    : Fin metodo saveProduct()
2023-02-09 00:21:03.453  INFO 12928 --- [0.1-8080-exec-3] p.c.i.c.controller.CustomerController    : Inicio metodo saveProduct()
2023-02-09 00:21:03.454  INFO 12928 --- [0.1-8080-exec-3] p.c.i.c.service.CustomerService          : Inicio metodo saveCustomer()
2023-02-09 00:21:03.595  INFO 12928 --- [0.1-8080-exec-3] p.c.i.c.service.CustomerService          : Cliente registrado en bd
2023-02-09 00:21:03.595  INFO 12928 --- [0.1-8080-exec-3] p.c.i.c.controller.CustomerController    : Fin metodo saveProduct()
2023-02-09 00:21:11.009  INFO 12928 --- [0.1-8080-exec-2] p.c.i.c.controller.CustomerController    : Inicio metodo saveProduct()
2023-02-09 00:21:11.009  INFO 12928 --- [0.1-8080-exec-2] p.c.i.c.service.CustomerService          : Inicio metodo saveCustomer()
2023-02-09 00:21:11.315  INFO 12928 --- [0.1-8080-exec-2] p.c.i.c.service.CustomerService          : Fin metodo saveCustomer()
2023-02-09 00:21:11.315  INFO 12928 --- [0.1-8080-exec-2] p.c.i.c.controller.CustomerController    : Fin metodo saveProduct()
